#
# A fatal error has been detected by the Java Runtime Environment:
#
#  EXCEPTION_ACCESS_VIOLATION (0xc0000005) at pc=0x000000006fbca0a5, pid=11808, tid=0x0000000000002e68
#
# JRE version: Java(TM) SE Runtime Environment (8.0_101-b13) (build 1.8.0_101-b13)
# Java VM: Java HotSpot(TM) 64-Bit Server VM (25.101-b13 mixed mode windows-amd64 compressed oops)
# Problematic frame:
# V  [jvm.dll+0x12a0a5]
#
# Failed to write core dump. Minidumps are not enabled by default on client versions of Windows
#
# If you would like to submit a bug report, please visit:
#   http://bugreport.java.com/bugreport/crash.jsp
#

---------------  T H R E A D  ---------------

Current thread (0x000000001d16a800):  JavaThread "JDWP Transport Listener: dt_socket" daemon [_thread_in_vm, id=11880, stack(0x000000001dac0000,0x000000001dbc0000)]

siginfo: ExceptionCode=0xc0000005, reading address 0x0000000000000008

Registers:
RAX=0x000000001dbbf501, RBX=0x000000001d16a800, RCX=0x0000000000000008, RDX=0x0000000000000000
RSP=0x000000001dbbf580, RBP=0x0000000000000008, RSI=0x000000001dbbf698, RDI=0x0000000002047440
R8 =0x000000001d16a800, R9 =0x000000000000ff00, R10=0x0000000000000000, R11=0x0000011fffff0000
R12=0x0000000000000000, R13=0x000000001d16b5c8, R14=0x0000000000000000, R15=0x0000000000000000
RIP=0x000000006fbca0a5, EFLAGS=0x0000000000010202

Top of Stack: (sp=0x000000001dbbf580)
0x000000001dbbf580:   000000001d16a800 000000001d16a800
0x000000001dbbf590:   000000001dbbf648 000000006fdd2f0b
0x000000001dbbf5a0:   000000001d16a800 000000006fdef76d
0x000000001dbbf5b0:   0000000000000000 00000000563f9155
0x000000001dbbf5c0:   000000001d21dc48 000000005640291e
0x000000001dbbf5d0:   000000001d16a800 0000000000000000
0x000000001dbbf5e0:   0000000000000000 0000000000000000
0x000000001dbbf5f0:   0000000000000008 0000000056401a15
0x000000001dbbf600:   000000001dbbf698 000000001dbbf670
0x000000001dbbf610:   0000000000000001 000000001d21dc48
0x000000001dbbf620:   0000000000000008 00000000563e53b3
0x000000001dbbf630:   000000001dbbf760 0000000000000001
0x000000001dbbf640:   0000000000000001 000000001d21dc48
0x000000001dbbf650:   0000000000000001 0000000000000000
0x000000001dbbf660:   0000000000000000 0000000000000000
0x000000001dbbf670:   0000000000000001 00000000563e5571 

Instructions: (pc=0x000000006fbca0a5)
0x000000006fbca085:   cc cc cc cc cc cc cc cc cc cc cc 48 83 ec 28 48
0x000000006fbca095:   85 c9 75 07 33 c0 48 83 c4 28 c3 48 89 5c 24 20
0x000000006fbca0a5:   48 8b 19 48 85 db 74 20 48 83 fb 37 74 1a 48 8b
0x000000006fbca0b5:   13 48 8b cb ff 52 10 84 c0 74 0d 48 8b c3 48 8b 


Register to memory mapping:

RAX=0x000000001dbbf501 is pointing into the stack for thread: 0x000000001d16a800
RBX=0x000000001d16a800 is a thread
RCX=0x0000000000000008 is an unknown value
RDX=0x0000000000000000 is an unknown value
RSP=0x000000001dbbf580 is pointing into the stack for thread: 0x000000001d16a800
RBP=0x0000000000000008 is an unknown value
RSI=0x000000001dbbf698 is pointing into the stack for thread: 0x000000001d16a800
RDI=0x0000000002047440 is an unknown value
R8 =0x000000001d16a800 is a thread
R9 =0x000000000000ff00 is an unknown value
R10=0x0000000000000000 is an unknown value
R11=0x0000011fffff0000 is an unknown value
R12=0x0000000000000000 is an unknown value
R13=0x000000001d16b5c8 is an unknown value
R14=0x0000000000000000 is an unknown value
R15=0x0000000000000000 is an unknown value


Stack: [0x000000001dac0000,0x000000001dbc0000],  sp=0x000000001dbbf580,  free space=1021k
Native frames: (J=compiled Java code, j=interpreted, Vv=VM code, C=native code)
V  [jvm.dll+0x12a0a5]
V  [jvm.dll+0x34f76d]
C  [jdwp.dll+0x21a15]
C  [jdwp.dll+0x53b3]
C  [jdwp.dll+0x5571]
C  [jdwp.dll+0xf0a8]
C  [jdwp.dll+0x1f2d5]
C  [jdwp.dll+0x1f4aa]
V  [jvm.dll+0x1bd258]
V  [jvm.dll+0x2451a4]
V  [jvm.dll+0x29c18a]
C  [msvcr100.dll+0x21d9f]
C  [msvcr100.dll+0x21e3b]
C  [kernel32.dll+0x159cd]
C  [ntdll.dll+0x5383d]


---------------  P R O C E S S  ---------------

Java Threads: ( => current thread )
  0x000000001d187800 JavaThread "Service Thread" daemon [_thread_blocked, id=7424, stack(0x000000001e290000,0x000000001e390000)]
  0x000000001d187000 JavaThread "C1 CompilerThread2" daemon [_thread_blocked, id=9892, stack(0x000000001e110000,0x000000001e210000)]
  0x000000001d186000 JavaThread "C2 CompilerThread1" daemon [_thread_blocked, id=9684, stack(0x000000001df30000,0x000000001e030000)]
  0x000000001d189800 JavaThread "C2 CompilerThread0" daemon [_thread_blocked, id=4656, stack(0x000000001dd10000,0x000000001de10000)]
  0x000000001d17e000 JavaThread "JDWP Command Reader" daemon [_thread_in_native, id=11784, stack(0x000000001d9c0000,0x000000001dac0000)]
  0x000000001d171000 JavaThread "JDWP Event Helper Thread" daemon [_thread_blocked, id=5688, stack(0x000000001d670000,0x000000001d770000)]
=>0x000000001d16a800 JavaThread "JDWP Transport Listener: dt_socket" daemon [_thread_in_vm, id=11880, stack(0x000000001dac0000,0x000000001dbc0000)]
  0x000000001d161800 JavaThread "Attach Listener" daemon [_thread_blocked, id=8272, stack(0x000000001d840000,0x000000001d940000)]
  0x000000001d160800 JavaThread "Signal Dispatcher" daemon [_thread_blocked, id=8256, stack(0x000000001d570000,0x000000001d670000)]
  0x000000001bd4c000 JavaThread "Finalizer" daemon [_thread_blocked, id=11752, stack(0x000000001cf30000,0x000000001d030000)]
  0x000000001bd05000 JavaThread "Reference Handler" daemon [_thread_blocked, id=11744, stack(0x000000001d060000,0x000000001d160000)]
  0x0000000002048000 JavaThread "main" [_thread_blocked, id=12128, stack(0x0000000002290000,0x0000000002390000)]

Other Threads:
  0x000000001bcfd800 VMThread [stack: 0x000000001ce30000,0x000000001cf30000] [id=11748]
  0x000000001d205000 WatcherThread [stack: 0x000000001e490000,0x000000001e590000] [id=12100]

VM state:not at safepoint (normal execution)

VM Mutex/Monitor currently owned by a thread: None

Heap:
 PSYoungGen      total 76288K, used 3932K [0x000000076b200000, 0x0000000770700000, 0x00000007c0000000)
  eden space 65536K, 6% used [0x000000076b200000,0x000000076b5d70e0,0x000000076f200000)
  from space 10752K, 0% used [0x000000076fc80000,0x000000076fc80000,0x0000000770700000)
  to   space 10752K, 0% used [0x000000076f200000,0x000000076f200000,0x000000076fc80000)
 ParOldGen       total 175104K, used 0K [0x00000006c1600000, 0x00000006cc100000, 0x000000076b200000)
  object space 175104K, 0% used [0x00000006c1600000,0x00000006c1600000,0x00000006cc100000)
 Metaspace       used 2776K, capacity 4490K, committed 4864K, reserved 1056768K
  class space    used 301K, capacity 386K, committed 512K, reserved 1048576K

Card table byte_map: [0x0000000011a20000,0x0000000012220000] byte_map_base: 0x000000000e415000

Marking Bits: (ParMarkBitMap*) 0x00000000702ba6d0
 Begin Bits: [0x0000000012c20000, 0x0000000016bc8000)
 End Bits:   [0x0000000016bc8000, 0x000000001ab70000)

Polling page: 0x00000000001d0000

CodeCache: size=245760Kb used=1127Kb max_used=1127Kb free=244632Kb
 bounds [0x0000000002660000, 0x00000000028d0000, 0x0000000011660000]
 total_blobs=264 nmethods=39 adapters=147
 compilation: enabled

Compilation events (10 events):
Event: 0.309 Thread 0x000000001d187000   35       3       java.io.WinNTFileSystem::normalize (143 bytes)
Event: 0.310 Thread 0x000000001d187000 nmethod 35 0x0000000002777d50 code [0x0000000002777f40, 0x00000000027787c8]
Event: 0.319 Thread 0x000000001d187000   37       1       java.util.ArrayList::size (5 bytes)
Event: 0.319 Thread 0x000000001d187000 nmethod 37 0x0000000002778bd0 code [0x0000000002778d20, 0x0000000002778e30]
Event: 0.319 Thread 0x000000001d187000   38       3       java.lang.System::getSecurityManager (4 bytes)
Event: 0.319 Thread 0x000000001d187000 nmethod 38 0x0000000002778e90 code [0x0000000002778fe0, 0x0000000002779130]
Event: 0.319 Thread 0x000000001d187000   36       3       java.lang.AbstractStringBuilder::expandCapacity (50 bytes)
Event: 0.319 Thread 0x000000001d187000 nmethod 36 0x0000000002779190 code [0x0000000002779340, 0x00000000027798b8]
Event: 0.319 Thread 0x000000001d187000   39       1       java.net.URL::getFile (5 bytes)
Event: 0.320 Thread 0x000000001d187000 nmethod 39 0x0000000002779b10 code [0x0000000002779c60, 0x0000000002779d70]

GC Heap History (0 events):
No events

Deoptimization events (0 events):
No events

Internal exceptions (2 events):
Event: 0.090 Thread 0x0000000002048000 Exception <a 'java/lang/NoSuchMethodError': Method sun.misc.Unsafe.defineClass(Ljava/lang/String;[BII)Ljava/lang/Class; name or signature does not match> (0x000000076b207cc0) thrown at [C:\re\workspace\8-2-build-windows-amd64-cygwin\jdk8u101\7261\hotspot\sä“Ô8·?
Event: 0.090 Thread 0x0000000002048000 Exception <a 'java/lang/NoSuchMethodError': Method sun.misc.Unsafe.prefetchRead(Ljava/lang/Object;J)V name or signature does not match> (0x000000076b207fa8) thrown at [C:\re\workspace\8-2-build-windows-amd64-cygwin\jdk8u101\7261\hotspot\src\share\vm\prims\

Events (10 events):
Event: 262.210 Executing VM operation: ChangeBreakpoints
Event: 262.210 Executing VM operation: ChangeBreakpoints done
Event: 274.622 Executing VM operation: ChangeBreakpoints
Event: 274.622 Executing VM operation: ChangeBreakpoints done
Event: 279.209 Executing VM operation: ChangeBreakpoints
Event: 279.209 Executing VM operation: ChangeBreakpoints done
Event: 279.233 Executing VM operation: RedefineClasses
Event: 279.233 Executing VM operation: RedefineClasses done
Event: 279.243 Executing VM operation: GetOrSetLocal
Event: 279.243 Executing VM operation: GetOrSetLocal done


Dynamic libraries:
0x000000013fc20000 - 0x000000013fc57000 	C:\Users\Varre.Sai-Bharath-Ku\Documents\Java\jdk1.8.0_101\bin\java.exe
0x0000000077460000 - 0x00000000775ff000 	C:\windows\SYSTEM32\ntdll.dll
0x0000000077240000 - 0x000000007735f000 	C:\windows\system32\kernel32.dll
0x000007fefd250000 - 0x000007fefd2ba000 	C:\windows\system32\KERNELBASE.dll
0x000007feff340000 - 0x000007feff41b000 	C:\windows\system32\ADVAPI32.dll
0x000007fefd4f0000 - 0x000007fefd58f000 	C:\windows\system32\msvcrt.dll
0x000007fefeda0000 - 0x000007fefedbf000 	C:\windows\SYSTEM32\sechost.dll
0x000007fefd5a0000 - 0x000007fefd6cd000 	C:\windows\system32\RPCRT4.dll
0x0000000077360000 - 0x000000007745a000 	C:\windows\system32\USER32.dll
0x000007fefd930000 - 0x000007fefd997000 	C:\windows\system32\GDI32.dll
0x000007feff720000 - 0x000007feff72e000 	C:\windows\system32\LPK.dll
0x000007feff270000 - 0x000007feff33b000 	C:\windows\system32\USP10.dll
0x000007fefb1f0000 - 0x000007fefb3e4000 	C:\windows\WinSxS\amd64_microsoft.windows.common-controls_6595b64144ccf1df_6.0.7601.18837_none_fa3b1e3d17594757\COMCTL32.dll
0x000007fefd750000 - 0x000007fefd7c1000 	C:\windows\system32\SHLWAPI.dll
0x000007fefd7d0000 - 0x000007fefd7fe000 	C:\windows\system32\IMM32.DLL
0x000007feff420000 - 0x000007feff529000 	C:\windows\system32\MSCTF.dll
0x00000000637b0000 - 0x0000000063882000 	C:\Users\Varre.Sai-Bharath-Ku\Documents\Java\jdk1.8.0_101\jre\bin\msvcr100.dll
0x000000006faa0000 - 0x000000007033a000 	C:\Users\Varre.Sai-Bharath-Ku\Documents\Java\jdk1.8.0_101\jre\bin\server\jvm.dll
0x000007fef8520000 - 0x000007fef8529000 	C:\windows\system32\WSOCK32.dll
0x000007fefd8e0000 - 0x000007fefd92d000 	C:\windows\system32\WS2_32.dll
0x000007fefd590000 - 0x000007fefd598000 	C:\windows\system32\NSI.dll
0x000007fef9bd0000 - 0x000007fef9c0b000 	C:\windows\system32\WINMM.dll
0x000007fefc950000 - 0x000007fefc95c000 	C:\windows\system32\VERSION.dll
0x0000000077610000 - 0x0000000077617000 	C:\windows\system32\PSAPI.DLL
0x0000000074ab0000 - 0x0000000074abf000 	C:\Users\Varre.Sai-Bharath-Ku\Documents\Java\jdk1.8.0_101\jre\bin\verify.dll
0x000000006c110000 - 0x000000006c139000 	C:\Users\Varre.Sai-Bharath-Ku\Documents\Java\jdk1.8.0_101\jre\bin\java.dll
0x00000000563e0000 - 0x0000000056415000 	C:\Users\Varre.Sai-Bharath-Ku\Documents\Java\jdk1.8.0_101\jre\bin\jdwp.dll
0x0000000060ef0000 - 0x0000000060ef8000 	C:\Users\Varre.Sai-Bharath-Ku\Documents\Java\jdk1.8.0_101\jre\bin\npt.dll
0x000000006d880000 - 0x000000006d896000 	C:\Users\Varre.Sai-Bharath-Ku\Documents\Java\jdk1.8.0_101\jre\bin\zip.dll
0x000007fefda40000 - 0x000007fefe7cb000 	C:\windows\system32\SHELL32.dll
0x000007fefeb00000 - 0x000007fefecfd000 	C:\windows\system32\ole32.dll
0x000007fefd140000 - 0x000007fefd14f000 	C:\windows\system32\profapi.dll
0x0000000060f00000 - 0x0000000060f09000 	C:\Users\Varre.Sai-Bharath-Ku\Documents\Java\jdk1.8.0_101\jre\bin\dt_socket.dll
0x000007fefc330000 - 0x000007fefc385000 	C:\windows\system32\mswsock.dll
0x000007fefb9a0000 - 0x000007fefb9a7000 	C:\windows\System32\wshtcpip.dll
0x000007fefc820000 - 0x000007fefc945000 	C:\windows\system32\dbghelp.dll

VM Arguments:
jvm_args: -agentlib:jdwp=transport=dt_socket,address=127.0.0.1:53086,suspend=y,server=n -Dfile.encoding=UTF-8 
java_command: HammingDistance
java_class_path (initial): C:\Users\Varre.Sai-Bharath-Ku\Documents\Java\jdk1.8.0_101\jre\lib\charsets.jar;C:\Users\Varre.Sai-Bharath-Ku\Documents\Java\jdk1.8.0_101\jre\lib\deploy.jar;C:\Users\Varre.Sai-Bharath-Ku\Documents\Java\jdk1.8.0_101\jre\lib\ext\access-bridge-64.jar;C:\Users\Varre.Sai-Bharath-Ku\Documents\Java\jdk1.8.0_101\jre\lib\ext\cldrdata.jar;C:\Users\Varre.Sai-Bharath-Ku\Documents\Java\jdk1.8.0_101\jre\lib\ext\dnsns.jar;C:\Users\Varre.Sai-Bharath-Ku\Documents\Java\jdk1.8.0_101\jre\lib\ext\jaccess.jar;C:\Users\Varre.Sai-Bharath-Ku\Documents\Java\jdk1.8.0_101\jre\lib\ext\jfxrt.jar;C:\Users\Varre.Sai-Bharath-Ku\Documents\Java\jdk1.8.0_101\jre\lib\ext\localedata.jar;C:\Users\Varre.Sai-Bharath-Ku\Documents\Java\jdk1.8.0_101\jre\lib\ext\nashorn.jar;C:\Users\Varre.Sai-Bharath-Ku\Documents\Java\jdk1.8.0_101\jre\lib\ext\sunec.jar;C:\Users\Varre.Sai-Bharath-Ku\Documents\Java\jdk1.8.0_101\jre\lib\ext\sunjce_provider.jar;C:\Users\Varre.Sai-Bharath-Ku\Documents\Java\jdk1.8.0_101\jre\lib\ext\sunmscapi.jar;C:\Users\Varre.Sai-Bharath-Ku\Documents\Java\jdk1.8.0_101\jre\lib\ext\sunpkcs11.jar;C:\Users\Varre.Sai-Bharath-Ku\Documents\Java\jdk1.8.0_101\jre\lib\ext\zipfs.jar;C:\Users\Varre.Sai-Bharath-Ku\Documents\Java\jdk1.8.0_101\jre\lib\javaws.jar;C:\Users\Varre.Sai-Bharath-Ku\Documents\Java\jdk1.8.0_101\jre\lib\jce.jar;C:\Users\Varre.Sai-Bharath-Ku\Documents\Java\jdk1.8.0_101\jre\lib\jfr.jar;C:\Users\Varre.Sai-Bharath-Ku\Documents\Java\jdk1.8.0_101\jre\lib\jfxswt.jar;C:\Users\Varre.Sai-Bharath-Ku\Documents\Java\jdk1.8.0_101\jre\lib\jsse.jar;C:\Users\Varre.Sai-Bharath-Ku\Documents\Java\jdk1.8.0_101\jre\lib\management-agent.jar;C:\Users\Varre.Sai-Bharath-Ku\Documents\Java\jdk1.8.0_101\jre\lib\plugin.jar;C:\Users\Varre.Sai-Bharath-Ku\Documents\Java\jdk1.8.0_101\jre\lib\resources.jar;C:\Users\Varre.Sai-Bharath-Ku\Documents\Java\jdk1.8.0_101\jre\lib\rt.jar;C:\Users\Varre.Sai-Bharath-Ku\IdeaProjects\Test\out\production\Test;C:\Users\Varre.Sai-Bharath-Ku\.ivy2\cache\org.scala-
Launcher Type: SUN_STANDARD

Environment Variables:
JAVA_HOME=C:\Users\Varre.Sai-Bharath-Ku\Downloads\jdk1.8.0_101
PATH=C:\ProgramData\Oracle\Java\javapath;C:\Program Files\Common Files\Microsoft Shared\Microsoft Online Services;C:\Program Files (x86)\Common Files\Microsoft Shared\Microsoft Online Services;C:\windows\system32;C:\windows;C:\windows\System32\Wbem;C:\windows\System32\WindowsPowerShell\v1.0\;C:\Program Files (x86)\Enterprise Vault\EVClient\;C:\Program Files (x86)\Common Files\Check Point\UIFramework 3.0\Bin\;C:\Program Files (x86)\CheckPoint\Endpoint Security\Endpoint Common\bin;C:\Program Files\Amazon\AWSCLI\;C:\Program Files (x86)\scala\bin;C:\Program Files\TortoiseSVN\bin;C:\Users\Varre.Sai-Bharath-Ku\Downloads\cloudera-quickstart-vm-5.5.0-0-vmware\apache-maven\bin;C:\Program Files\MySQL\MySQL Server 5.7\bin;C:\Program Files (x86)\WebEx\Productivity Tools;C:\Program Files (x86)\WebEx\PTools020000000;C:\Program Files (x86)\HID Global\ActivClient\;C:\Program Files\HID Global\ActivClient\;C:\windows\System32\WindowsPowerShell\v1.0\;C:\windows\System32\WindowsPowerShell\v1.0\;C:\Program Files (x86)\Sennheiser\SoftphoneSDK\;C:\Users\Varre.Sai-Bharath-Ku\AppData\Local\Programs\Python\Python35-32\Scripts\;C:\Users\Varre.Sai-Bharath-Ku\AppData\Local\Programs\Python\Python35-32\;C:\Program Files (x86)\SSH Communications Security\SSH Secure Shell
USERNAME=Varre.Sai-Bharath-Ku
OS=Windows_NT
PROCESSOR_IDENTIFIER=Intel64 Family 6 Model 58 Stepping 9, GenuineIntel



---------------  S Y S T E M  ---------------

OS: Windows 7 , 64 bit Build 7601 (6.1.7601.24000)

CPU:total 4 (2 cores per cpu, 2 threads per core) family 6 model 58 stepping 9, cmov, cx8, fxsr, mmx, sse, sse2, sse3, ssse3, sse4.1, sse4.2, popcnt, avx, aes, clmul, erms, ht, tsc, tscinvbit, tscinv

Memory: 4k page, physical 16680092k(9188632k free), swap 33358308k(24963972k free)

vm_info: Java HotSpot(TM) 64-Bit Server VM (25.101-b13) for windows-amd64 JRE (1.8.0_101-b13), built on Jun 22 2016 01:21:29 by "java_re" with MS VC++ 10.0 (VS2010)

time: Sun Feb 11 12:22:43 2018
elapsed time: 279 seconds (0d 0h 4m 39s)

