#
# A fatal error has been detected by the Java Runtime Environment:
#
#  EXCEPTION_ACCESS_VIOLATION (0xc0000005) at pc=0x000000006fbca0a5, pid=10132, tid=0x00000000000024f4
#
# JRE version: Java(TM) SE Runtime Environment (8.0_101-b13) (build 1.8.0_101-b13)
# Java VM: Java HotSpot(TM) 64-Bit Server VM (25.101-b13 mixed mode windows-amd64 compressed oops)
# Problematic frame:
# V  [jvm.dll+0x12a0a5]
#
# Failed to write core dump. Minidumps are not enabled by default on client versions of Windows
#
# If you would like to submit a bug report, please visit:
#   http://bugreport.java.com/bugreport/crash.jsp
#

---------------  T H R E A D  ---------------

Current thread (0x000000001d2e9800):  JavaThread "JDWP Transport Listener: dt_socket" daemon [_thread_in_vm, id=9460, stack(0x000000001daf0000,0x000000001dbf0000)]

siginfo: ExceptionCode=0xc0000005, reading address 0x0000562900000008

Registers:
RAX=0x000000001dbef401, RBX=0x000000001d2e9800, RCX=0x0000562900000008, RDX=0x0000000000000000
RSP=0x000000001dbef490, RBP=0x0000562900000008, RSI=0x000000001dbef5a8, RDI=0x00000000004b7440
R8 =0x000000001d2e9800, R9 =0x000000000000ff00, R10=0x0000000000000000, R11=0x007801e6ffff0000
R12=0x0000000000000000, R13=0x000000001d2ea608, R14=0x0000000000000000, R15=0x0000000000000000
RIP=0x000000006fbca0a5, EFLAGS=0x0000000000010202

Top of Stack: (sp=0x000000001dbef490)
0x000000001dbef490:   000000001d2e9800 000000001d2e9800
0x000000001dbef4a0:   000000001dbef558 000000006fdd2f0b
0x000000001dbef4b0:   000000001d2e9800 000000006fdef76d
0x000000001dbef4c0:   0000000000000000 000000006d979155
0x000000001dbef4d0:   000000001d39b588 000000006d98291e
0x000000001dbef4e0:   000000001d2e9800 0000000000000000
0x000000001dbef4f0:   0000000000000000 0000000000000000
0x000000001dbef500:   0000562900000008 000000006d981a15
0x000000001dbef510:   000000001dbef5a8 000000001dbef580
0x000000001dbef520:   0000000000000001 000000001d39b588
0x000000001dbef530:   0000562900000008 000000006d9653b3
0x000000001dbef540:   000000001dbef670 0000000000000001
0x000000001dbef550:   0000000000000001 000000001d39b588
0x000000001dbef560:   0000000000000001 0000000000000000
0x000000001dbef570:   0000000000000000 0000000000000000
0x000000001dbef580:   0000000000000001 000000006d965571 

Instructions: (pc=0x000000006fbca0a5)
0x000000006fbca085:   cc cc cc cc cc cc cc cc cc cc cc 48 83 ec 28 48
0x000000006fbca095:   85 c9 75 07 33 c0 48 83 c4 28 c3 48 89 5c 24 20
0x000000006fbca0a5:   48 8b 19 48 85 db 74 20 48 83 fb 37 74 1a 48 8b
0x000000006fbca0b5:   13 48 8b cb ff 52 10 84 c0 74 0d 48 8b c3 48 8b 


Register to memory mapping:

RAX=0x000000001dbef401 is pointing into the stack for thread: 0x000000001d2e9800
RBX=0x000000001d2e9800 is a thread
RCX=0x0000562900000008 is an unknown value
RDX=0x0000000000000000 is an unknown value
RSP=0x000000001dbef490 is pointing into the stack for thread: 0x000000001d2e9800
RBP=0x0000562900000008 is an unknown value
RSI=0x000000001dbef5a8 is pointing into the stack for thread: 0x000000001d2e9800
RDI=0x00000000004b7440 is an unknown value
R8 =0x000000001d2e9800 is a thread
R9 =0x000000000000ff00 is an unknown value
R10=0x0000000000000000 is an unknown value
R11=0x007801e6ffff0000 is an unknown value
R12=0x0000000000000000 is an unknown value
R13=0x000000001d2ea608 is an unknown value
R14=0x0000000000000000 is an unknown value
R15=0x0000000000000000 is an unknown value


Stack: [0x000000001daf0000,0x000000001dbf0000],  sp=0x000000001dbef490,  free space=1021k
Native frames: (J=compiled Java code, j=interpreted, Vv=VM code, C=native code)
V  [jvm.dll+0x12a0a5]
V  [jvm.dll+0x34f76d]
C  [jdwp.dll+0x21a15]
C  [jdwp.dll+0x53b3]
C  [jdwp.dll+0x5571]
C  [jdwp.dll+0xf0a8]
C  [jdwp.dll+0x1f2d5]
C  [jdwp.dll+0x1f4aa]
V  [jvm.dll+0x1bd258]
V  [jvm.dll+0x2451a4]
V  [jvm.dll+0x29c18a]
C  [msvcr100.dll+0x21d9f]
C  [msvcr100.dll+0x21e3b]
C  [kernel32.dll+0x159cd]
C  [ntdll.dll+0x5383d]


---------------  P R O C E S S  ---------------

Java Threads: ( => current thread )
  0x000000001d36b800 JavaThread "Service Thread" daemon [_thread_blocked, id=9892, stack(0x000000001e360000,0x000000001e460000)]
  0x000000001d30b000 JavaThread "C1 CompilerThread2" daemon [_thread_blocked, id=10772, stack(0x000000001d9b0000,0x000000001dab0000)]
  0x000000001d2ff000 JavaThread "C2 CompilerThread1" daemon [_thread_blocked, id=532, stack(0x000000001e1f0000,0x000000001e2f0000)]
  0x000000001d308800 JavaThread "C2 CompilerThread0" daemon [_thread_blocked, id=6948, stack(0x000000001e010000,0x000000001e110000)]
  0x000000001d2f2800 JavaThread "JDWP Command Reader" daemon [_thread_in_native, id=11676, stack(0x000000001de60000,0x000000001df60000)]
  0x000000001d2ef000 JavaThread "JDWP Event Helper Thread" daemon [_thread_blocked, id=4232, stack(0x000000001dd20000,0x000000001de20000)]
=>0x000000001d2e9800 JavaThread "JDWP Transport Listener: dt_socket" daemon [_thread_in_vm, id=9460, stack(0x000000001daf0000,0x000000001dbf0000)]
  0x000000001d2e0800 JavaThread "Attach Listener" daemon [_thread_blocked, id=10496, stack(0x000000001d6f0000,0x000000001d7f0000)]
  0x000000001be57000 JavaThread "Signal Dispatcher" daemon [_thread_blocked, id=7852, stack(0x000000001d870000,0x000000001d970000)]
  0x000000001be3c000 JavaThread "Finalizer" daemon [_thread_blocked, id=9944, stack(0x000000001d1e0000,0x000000001d2e0000)]
  0x000000001bdf5000 JavaThread "Reference Handler" daemon [_thread_blocked, id=9184, stack(0x000000001d010000,0x000000001d110000)]
  0x00000000004b8000 JavaThread "main" [_thread_blocked, id=11604, stack(0x00000000020b0000,0x00000000021b0000)]

Other Threads:
  0x000000001bded800 VMThread [stack: 0x000000001ce90000,0x000000001cf90000] [id=6532]
  0x000000001d398000 WatcherThread [stack: 0x000000001e4d0000,0x000000001e5d0000] [id=7948]

VM state:not at safepoint (normal execution)

VM Mutex/Monitor currently owned by a thread: None

Heap:
 PSYoungGen      total 76288K, used 3932K [0x000000076b200000, 0x0000000770700000, 0x00000007c0000000)
  eden space 65536K, 6% used [0x000000076b200000,0x000000076b5d70e0,0x000000076f200000)
  from space 10752K, 0% used [0x000000076fc80000,0x000000076fc80000,0x0000000770700000)
  to   space 10752K, 0% used [0x000000076f200000,0x000000076f200000,0x000000076fc80000)
 ParOldGen       total 175104K, used 0K [0x00000006c1600000, 0x00000006cc100000, 0x000000076b200000)
  object space 175104K, 0% used [0x00000006c1600000,0x00000006c1600000,0x00000006cc100000)
 Metaspace       used 2865K, capacity 4500K, committed 4864K, reserved 1056768K
  class space    used 309K, capacity 388K, committed 512K, reserved 1048576K

Card table byte_map: [0x0000000011a70000,0x0000000012270000] byte_map_base: 0x000000000e465000

Marking Bits: (ParMarkBitMap*) 0x00000000702ba6d0
 Begin Bits: [0x0000000012d10000, 0x0000000016cb8000)
 End Bits:   [0x0000000016cb8000, 0x000000001ac60000)

Polling page: 0x0000000000140000

CodeCache: size=245760Kb used=1139Kb max_used=1150Kb free=244620Kb
 bounds [0x00000000026b0000, 0x0000000002920000, 0x00000000116b0000]
 total_blobs=277 nmethods=50 adapters=148
 compilation: enabled

Compilation events (10 events):
Event: 394.733 Thread 0x000000001d30b000   46       3       java.util.jar.Attributes$Name::isAlpha (30 bytes)
Event: 394.733 Thread 0x000000001d30b000 nmethod 46 0x00000000027cb4d0 code [0x00000000027cb620, 0x00000000027cb850]
Event: 394.733 Thread 0x000000001d30b000   49       3       java.util.HashMap::hash (20 bytes)
Event: 394.734 Thread 0x000000001d30b000 nmethod 49 0x00000000027cb8d0 code [0x00000000027cba40, 0x00000000027cbca8]
Event: 394.734 Thread 0x000000001d30b000   47       3       sun.misc.ASCIICaseInsensitiveComparator::toLower (16 bytes)
Event: 394.734 Thread 0x000000001d30b000 nmethod 47 0x00000000027cbd50 code [0x00000000027cbec0, 0x00000000027cc110]
Event: 394.734 Thread 0x000000001d30b000   48       3       sun.misc.ASCIICaseInsensitiveComparator::isUpper (18 bytes)
Event: 394.734 Thread 0x000000001d30b000 nmethod 48 0x00000000027cc1d0 code [0x00000000027cc320, 0x00000000027cc4d0]
Event: 394.734 Thread 0x000000001d308800   50       4       java.io.WinNTFileSystem::isSlash (18 bytes)
Event: 394.735 Thread 0x000000001d308800 nmethod 50 0x00000000027cf950 code [0x00000000027cfa80, 0x00000000027cfaf8]

GC Heap History (0 events):
No events

Deoptimization events (0 events):
No events

Internal exceptions (2 events):
Event: 0.050 Thread 0x00000000004b8000 Exception <a 'java/lang/NoSuchMethodError': Method sun.misc.Unsafe.defineClass(Ljava/lang/String;[BII)Ljava/lang/Class; name or signature does not match> (0x000000076b207cc0) thrown at [C:\re\workspace\8-2-build-windows-amd64-cygwin\jdk8u101\7261\hotspot\s>d0%p۩?
Event: 0.050 Thread 0x00000000004b8000 Exception <a 'java/lang/NoSuchMethodError': Method sun.misc.Unsafe.prefetchRead(Ljava/lang/Object;J)V name or signature does not match> (0x000000076b207fa8) thrown at [C:\re\workspace\8-2-build-windows-amd64-cygwin\jdk8u101\7261\hotspot\src\share\vm\prims\

Events (10 events):
Event: 394.733 loading class java/io/ByteArrayOutputStream
Event: 394.733 loading class java/io/ByteArrayOutputStream done
Event: 394.733 loading class java/lang/Package
Event: 394.733 loading class java/lang/Package done
Event: 394.733 loading class sun/security/util/ManifestEntryVerifier
Event: 394.734 loading class sun/security/util/ManifestEntryVerifier done
Event: 394.736 Executing VM operation: RedefineClasses
Event: 394.737 Executing VM operation: RedefineClasses done
Event: 394.738 Executing VM operation: GetOrSetLocal
Event: 394.738 Executing VM operation: GetOrSetLocal done


Dynamic libraries:
0x000000013fc20000 - 0x000000013fc57000 	C:\Users\Varre.Sai-Bharath-Ku\Documents\Java\jdk1.8.0_101\bin\java.exe
0x0000000077460000 - 0x00000000775ff000 	C:\windows\SYSTEM32\ntdll.dll
0x0000000077240000 - 0x000000007735f000 	C:\windows\system32\kernel32.dll
0x000007fefd250000 - 0x000007fefd2ba000 	C:\windows\system32\KERNELBASE.dll
0x000007feff340000 - 0x000007feff41b000 	C:\windows\system32\ADVAPI32.dll
0x000007fefd4f0000 - 0x000007fefd58f000 	C:\windows\system32\msvcrt.dll
0x000007fefeda0000 - 0x000007fefedbf000 	C:\windows\SYSTEM32\sechost.dll
0x000007fefd5a0000 - 0x000007fefd6cd000 	C:\windows\system32\RPCRT4.dll
0x0000000077360000 - 0x000000007745a000 	C:\windows\system32\USER32.dll
0x000007fefd930000 - 0x000007fefd997000 	C:\windows\system32\GDI32.dll
0x000007feff720000 - 0x000007feff72e000 	C:\windows\system32\LPK.dll
0x000007feff270000 - 0x000007feff33b000 	C:\windows\system32\USP10.dll
0x000007fefb1f0000 - 0x000007fefb3e4000 	C:\windows\WinSxS\amd64_microsoft.windows.common-controls_6595b64144ccf1df_6.0.7601.18837_none_fa3b1e3d17594757\COMCTL32.dll
0x000007fefd750000 - 0x000007fefd7c1000 	C:\windows\system32\SHLWAPI.dll
0x000007fefd7d0000 - 0x000007fefd7fe000 	C:\windows\system32\IMM32.DLL
0x000007feff420000 - 0x000007feff529000 	C:\windows\system32\MSCTF.dll
0x00000000637b0000 - 0x0000000063882000 	C:\Users\Varre.Sai-Bharath-Ku\Documents\Java\jdk1.8.0_101\jre\bin\msvcr100.dll
0x000000006faa0000 - 0x000000007033a000 	C:\Users\Varre.Sai-Bharath-Ku\Documents\Java\jdk1.8.0_101\jre\bin\server\jvm.dll
0x000007fef8520000 - 0x000007fef8529000 	C:\windows\system32\WSOCK32.dll
0x000007fefd8e0000 - 0x000007fefd92d000 	C:\windows\system32\WS2_32.dll
0x000007fefd590000 - 0x000007fefd598000 	C:\windows\system32\NSI.dll
0x000007fef9bd0000 - 0x000007fef9c0b000 	C:\windows\system32\WINMM.dll
0x000007fefc950000 - 0x000007fefc95c000 	C:\windows\system32\VERSION.dll
0x0000000077610000 - 0x0000000077617000 	C:\windows\system32\PSAPI.DLL
0x0000000074ab0000 - 0x0000000074abf000 	C:\Users\Varre.Sai-Bharath-Ku\Documents\Java\jdk1.8.0_101\jre\bin\verify.dll
0x000000006c110000 - 0x000000006c139000 	C:\Users\Varre.Sai-Bharath-Ku\Documents\Java\jdk1.8.0_101\jre\bin\java.dll
0x000000006d960000 - 0x000000006d995000 	C:\Users\Varre.Sai-Bharath-Ku\Documents\Java\jdk1.8.0_101\jre\bin\jdwp.dll
0x000000006d9d0000 - 0x000000006d9d8000 	C:\Users\Varre.Sai-Bharath-Ku\Documents\Java\jdk1.8.0_101\jre\bin\npt.dll
0x000000006d880000 - 0x000000006d896000 	C:\Users\Varre.Sai-Bharath-Ku\Documents\Java\jdk1.8.0_101\jre\bin\zip.dll
0x000007fefda40000 - 0x000007fefe7cb000 	C:\windows\system32\SHELL32.dll
0x000007fefeb00000 - 0x000007fefecfd000 	C:\windows\system32\ole32.dll
0x000007fefd140000 - 0x000007fefd14f000 	C:\windows\system32\profapi.dll
0x0000000074aa0000 - 0x0000000074aa9000 	C:\Users\Varre.Sai-Bharath-Ku\Documents\Java\jdk1.8.0_101\jre\bin\dt_socket.dll
0x000007fefc330000 - 0x000007fefc385000 	C:\windows\system32\mswsock.dll
0x000007fefb9a0000 - 0x000007fefb9a7000 	C:\windows\System32\wshtcpip.dll
0x000007fefc820000 - 0x000007fefc945000 	C:\windows\system32\dbghelp.dll

VM Arguments:
jvm_args: -agentlib:jdwp=transport=dt_socket,address=127.0.0.1:50549,suspend=y,server=n -Dfile.encoding=UTF-8 
java_command: HammingDistance
java_class_path (initial): C:\Users\Varre.Sai-Bharath-Ku\Documents\Java\jdk1.8.0_101\jre\lib\charsets.jar;C:\Users\Varre.Sai-Bharath-Ku\Documents\Java\jdk1.8.0_101\jre\lib\deploy.jar;C:\Users\Varre.Sai-Bharath-Ku\Documents\Java\jdk1.8.0_101\jre\lib\ext\access-bridge-64.jar;C:\Users\Varre.Sai-Bharath-Ku\Documents\Java\jdk1.8.0_101\jre\lib\ext\cldrdata.jar;C:\Users\Varre.Sai-Bharath-Ku\Documents\Java\jdk1.8.0_101\jre\lib\ext\dnsns.jar;C:\Users\Varre.Sai-Bharath-Ku\Documents\Java\jdk1.8.0_101\jre\lib\ext\jaccess.jar;C:\Users\Varre.Sai-Bharath-Ku\Documents\Java\jdk1.8.0_101\jre\lib\ext\jfxrt.jar;C:\Users\Varre.Sai-Bharath-Ku\Documents\Java\jdk1.8.0_101\jre\lib\ext\localedata.jar;C:\Users\Varre.Sai-Bharath-Ku\Documents\Java\jdk1.8.0_101\jre\lib\ext\nashorn.jar;C:\Users\Varre.Sai-Bharath-Ku\Documents\Java\jdk1.8.0_101\jre\lib\ext\sunec.jar;C:\Users\Varre.Sai-Bharath-Ku\Documents\Java\jdk1.8.0_101\jre\lib\ext\sunjce_provider.jar;C:\Users\Varre.Sai-Bharath-Ku\Documents\Java\jdk1.8.0_101\jre\lib\ext\sunmscapi.jar;C:\Users\Varre.Sai-Bharath-Ku\Documents\Java\jdk1.8.0_101\jre\lib\ext\sunpkcs11.jar;C:\Users\Varre.Sai-Bharath-Ku\Documents\Java\jdk1.8.0_101\jre\lib\ext\zipfs.jar;C:\Users\Varre.Sai-Bharath-Ku\Documents\Java\jdk1.8.0_101\jre\lib\javaws.jar;C:\Users\Varre.Sai-Bharath-Ku\Documents\Java\jdk1.8.0_101\jre\lib\jce.jar;C:\Users\Varre.Sai-Bharath-Ku\Documents\Java\jdk1.8.0_101\jre\lib\jfr.jar;C:\Users\Varre.Sai-Bharath-Ku\Documents\Java\jdk1.8.0_101\jre\lib\jfxswt.jar;C:\Users\Varre.Sai-Bharath-Ku\Documents\Java\jdk1.8.0_101\jre\lib\jsse.jar;C:\Users\Varre.Sai-Bharath-Ku\Documents\Java\jdk1.8.0_101\jre\lib\management-agent.jar;C:\Users\Varre.Sai-Bharath-Ku\Documents\Java\jdk1.8.0_101\jre\lib\plugin.jar;C:\Users\Varre.Sai-Bharath-Ku\Documents\Java\jdk1.8.0_101\jre\lib\resources.jar;C:\Users\Varre.Sai-Bharath-Ku\Documents\Java\jdk1.8.0_101\jre\lib\rt.jar;C:\Users\Varre.Sai-Bharath-Ku\IdeaProjects\Test\out\production\Test;C:\Users\Varre.Sai-Bharath-Ku\.ivy2\cache\org.scala-
Launcher Type: SUN_STANDARD

Environment Variables:
JAVA_HOME=C:\Users\Varre.Sai-Bharath-Ku\Downloads\jdk1.8.0_101
PATH=C:\ProgramData\Oracle\Java\javapath;C:\Program Files\Common Files\Microsoft Shared\Microsoft Online Services;C:\Program Files (x86)\Common Files\Microsoft Shared\Microsoft Online Services;C:\windows\system32;C:\windows;C:\windows\System32\Wbem;C:\windows\System32\WindowsPowerShell\v1.0\;C:\Program Files (x86)\Enterprise Vault\EVClient\;C:\Program Files (x86)\Common Files\Check Point\UIFramework 3.0\Bin\;C:\Program Files (x86)\CheckPoint\Endpoint Security\Endpoint Common\bin;C:\Program Files\Amazon\AWSCLI\;C:\Program Files (x86)\scala\bin;C:\Program Files\TortoiseSVN\bin;C:\Users\Varre.Sai-Bharath-Ku\Downloads\cloudera-quickstart-vm-5.5.0-0-vmware\apache-maven\bin;C:\Program Files\MySQL\MySQL Server 5.7\bin;C:\Program Files (x86)\WebEx\Productivity Tools;C:\Program Files (x86)\WebEx\PTools020000000;C:\Program Files (x86)\HID Global\ActivClient\;C:\Program Files\HID Global\ActivClient\;C:\windows\System32\WindowsPowerShell\v1.0\;C:\windows\System32\WindowsPowerShell\v1.0\;C:\Program Files (x86)\Sennheiser\SoftphoneSDK\;C:\Users\Varre.Sai-Bharath-Ku\AppData\Local\Programs\Python\Python35-32\Scripts\;C:\Users\Varre.Sai-Bharath-Ku\AppData\Local\Programs\Python\Python35-32\;C:\Program Files (x86)\SSH Communications Security\SSH Secure Shell
USERNAME=Varre.Sai-Bharath-Ku
OS=Windows_NT
PROCESSOR_IDENTIFIER=Intel64 Family 6 Model 58 Stepping 9, GenuineIntel



---------------  S Y S T E M  ---------------

OS: Windows 7 , 64 bit Build 7601 (6.1.7601.24000)

CPU:total 4 (2 cores per cpu, 2 threads per core) family 6 model 58 stepping 9, cmov, cx8, fxsr, mmx, sse, sse2, sse3, ssse3, sse4.1, sse4.2, popcnt, avx, aes, clmul, erms, ht, tsc, tscinvbit, tscinv

Memory: 4k page, physical 16680092k(9005436k free), swap 33358308k(25180212k free)

vm_info: Java HotSpot(TM) 64-Bit Server VM (25.101-b13) for windows-amd64 JRE (1.8.0_101-b13), built on Jun 22 2016 01:21:29 by "java_re" with MS VC++ 10.0 (VS2010)

time: Sun Feb 11 13:58:23 2018
elapsed time: 394 seconds (0d 0h 6m 34s)

